<?xml version="1.0" encoding="UTF-8"?>
<!-- Generated by org.testng.reporters.JUnitXMLReporter -->
<testsuite hostname="LXI363" ignored="0" name="Regression suite 1" tests="12" failures="0" timestamp="03 May 2019 10:56:29 GMT" time="0.035" errors="0">
  <testcase name="div" time="0.005" classname="MavenDemoinMay.MavenDemoinMay.AppTest"/>
  <testcase name="mult" time="0.0" classname="MavenDemoinMay.MavenDemoinMay.AppTest"/>
  <testcase name="sub" time="0.0" classname="MavenDemoinMay.MavenDemoinMay.AppTest"/>
  <testcase name="sum" time="0.001" classname="MavenDemoinMay.MavenDemoinMay.AppTest"/>
  <testcase name="div" time="0.0" classname="MavenDemoinMay.MavenDemoinMay.AppTest2"/>
  <testcase name="mult" time="0.001" classname="MavenDemoinMay.MavenDemoinMay.AppTest2"/>
  <testcase name="sub" time="0.0" classname="MavenDemoinMay.MavenDemoinMay.AppTest2"/>
  <testcase name="sum" time="0.0" classname="MavenDemoinMay.MavenDemoinMay.AppTest2"/>
  <testcase name="div" time="0.0" classname="MavenDemoinMay.MavenDemoinMay.AppTest3"/>
  <testcase name="mult" time="0.0" classname="MavenDemoinMay.MavenDemoinMay.AppTest3"/>
  <testcase name="sub" time="0.001" classname="MavenDemoinMay.MavenDemoinMay.AppTest3"/>
  <testcase name="sum" time="0.0" classname="MavenDemoinMay.MavenDemoinMay.AppTest3"/>
</testsuite> <!-- Regression suite 1 -->
