<?xml version="1.0" encoding="UTF-8"?>
<testng-results skipped="0" failed="0" ignored="0" total="12" passed="12">
  <reporter-output>
  </reporter-output>
  <suite name="example suite 1" duration-ms="35" started-at="2019-05-03T10:56:29Z" finished-at="2019-05-03T10:56:29Z">
    <groups>
    </groups>
    <test name="Regression suite 1" duration-ms="35" started-at="2019-05-03T10:56:29Z" finished-at="2019-05-03T10:56:29Z">
      <class name="MavenDemoinMay.MavenDemoinMay.AppTest2">
        <test-method status="PASS" signature="div()[pri:0, instance:MavenDemoinMay.MavenDemoinMay.AppTest2@2b2948e2]" name="div" duration-ms="0" started-at="2019-05-03T10:56:29Z" finished-at="2019-05-03T10:56:29Z">
          <reporter-output>
          </reporter-output>
        </test-method> <!-- div -->
        <test-method status="PASS" signature="mult()[pri:0, instance:MavenDemoinMay.MavenDemoinMay.AppTest2@2b2948e2]" name="mult" duration-ms="1" started-at="2019-05-03T10:56:29Z" finished-at="2019-05-03T10:56:29Z">
          <reporter-output>
          </reporter-output>
        </test-method> <!-- mult -->
        <test-method status="PASS" signature="sub()[pri:0, instance:MavenDemoinMay.MavenDemoinMay.AppTest2@2b2948e2]" name="sub" duration-ms="0" started-at="2019-05-03T10:56:29Z" finished-at="2019-05-03T10:56:29Z">
          <reporter-output>
          </reporter-output>
        </test-method> <!-- sub -->
        <test-method status="PASS" signature="sum()[pri:0, instance:MavenDemoinMay.MavenDemoinMay.AppTest2@2b2948e2]" name="sum" duration-ms="0" started-at="2019-05-03T10:56:29Z" finished-at="2019-05-03T10:56:29Z">
          <reporter-output>
          </reporter-output>
        </test-method> <!-- sum -->
      </class> <!-- MavenDemoinMay.MavenDemoinMay.AppTest2 -->
      <class name="MavenDemoinMay.MavenDemoinMay.AppTest">
        <test-method status="PASS" signature="div()[pri:0, instance:MavenDemoinMay.MavenDemoinMay.AppTest@eec5a4a]" name="div" duration-ms="5" started-at="2019-05-03T10:56:29Z" finished-at="2019-05-03T10:56:29Z">
          <reporter-output>
          </reporter-output>
        </test-method> <!-- div -->
        <test-method status="PASS" signature="mult()[pri:0, instance:MavenDemoinMay.MavenDemoinMay.AppTest@eec5a4a]" name="mult" duration-ms="0" started-at="2019-05-03T10:56:29Z" finished-at="2019-05-03T10:56:29Z">
          <reporter-output>
          </reporter-output>
        </test-method> <!-- mult -->
        <test-method status="PASS" signature="sub()[pri:0, instance:MavenDemoinMay.MavenDemoinMay.AppTest@eec5a4a]" name="sub" duration-ms="0" started-at="2019-05-03T10:56:29Z" finished-at="2019-05-03T10:56:29Z">
          <reporter-output>
          </reporter-output>
        </test-method> <!-- sub -->
        <test-method status="PASS" signature="sum()[pri:0, instance:MavenDemoinMay.MavenDemoinMay.AppTest@eec5a4a]" name="sum" duration-ms="1" started-at="2019-05-03T10:56:29Z" finished-at="2019-05-03T10:56:29Z">
          <reporter-output>
          </reporter-output>
        </test-method> <!-- sum -->
      </class> <!-- MavenDemoinMay.MavenDemoinMay.AppTest -->
      <class name="MavenDemoinMay.MavenDemoinMay.AppTest3">
        <test-method status="PASS" signature="div()[pri:0, instance:MavenDemoinMay.MavenDemoinMay.AppTest3@6ddf90b0]" name="div" duration-ms="0" started-at="2019-05-03T10:56:29Z" finished-at="2019-05-03T10:56:29Z">
          <reporter-output>
          </reporter-output>
        </test-method> <!-- div -->
        <test-method status="PASS" signature="mult()[pri:0, instance:MavenDemoinMay.MavenDemoinMay.AppTest3@6ddf90b0]" name="mult" duration-ms="0" started-at="2019-05-03T10:56:29Z" finished-at="2019-05-03T10:56:29Z">
          <reporter-output>
          </reporter-output>
        </test-method> <!-- mult -->
        <test-method status="PASS" signature="sub()[pri:0, instance:MavenDemoinMay.MavenDemoinMay.AppTest3@6ddf90b0]" name="sub" duration-ms="1" started-at="2019-05-03T10:56:29Z" finished-at="2019-05-03T10:56:29Z">
          <reporter-output>
          </reporter-output>
        </test-method> <!-- sub -->
        <test-method status="PASS" signature="sum()[pri:0, instance:MavenDemoinMay.MavenDemoinMay.AppTest3@6ddf90b0]" name="sum" duration-ms="0" started-at="2019-05-03T10:56:29Z" finished-at="2019-05-03T10:56:29Z">
          <reporter-output>
          </reporter-output>
        </test-method> <!-- sum -->
      </class> <!-- MavenDemoinMay.MavenDemoinMay.AppTest3 -->
    </test> <!-- Regression suite 1 -->
  </suite> <!-- example suite 1 -->
</testng-results>
